$ storybook build --output-dir=/var/folders/q_/128vnbqd39n3zxz6z689kw1w0000gn/T/chromatic--3306-hCQy9RSphi6z
[1m@storybook/core v8.4.7
[22m
info => Cleaning outputDir: [36m../../../../var/folders/q_/128vnbqd39n3zxz6z689kw1w0000gn/T/chromatic--3306-hCQy9RSphi6z[39m
info => Loading presets
info => Building manager..
info => Manager built ([38;2;181;126;229m55 ms[39m)
info => Building preview..
info Using tsconfig paths for react-docgen
[36mvite v6.0.6 [32mbuilding for production...[36m[39m
transforming...
[32m✓[39m 104 modules transformed.
rendering chunks...
computing gzip size...
[2m../../../../var/folders/q_/128vnbqd39n3zxz6z689kw1w0000gn/T/chromatic--3306-hCQy9RSphi6z/[22m[32miframe.html                                 [39m[1m[2m 16.31 kB[22m[1m[22m[2m │ gzip:   4.44 kB[22m
[2m../../../../var/folders/q_/128vnbqd39n3zxz6z689kw1w0000gn/T/chromatic--3306-hCQy9RSphi6z/[22m[2massets/[22m[36mpreview-BFzpVMGc.js                  [39m[1m[2m  0.14 kB[22m[1m[22m[2m │ gzip:   0.14 kB[22m
[2m../../../../var/folders/q_/128vnbqd39n3zxz6z689kw1w0000gn/T/chromatic--3306-hCQy9RSphi6z/[22m[2massets/[22m[36mpreview-DFmD0pui.js                  [39m[1m[2m  0.17 kB[22m[1m[22m[2m │ gzip:   0.15 kB[22m
[2m../../../../var/folders/q_/128vnbqd39n3zxz6z689kw1w0000gn/T/chromatic--3306-hCQy9RSphi6z/[22m[2massets/[22m[36mclient-BDECxAgN.js                   [39m[1m[2m  0.18 kB[22m[1m[22m[2m │ gzip:   0.15 kB[22m
[2m../../../../var/folders/q_/128vnbqd39n3zxz6z689kw1w0000gn/T/chromatic--3306-hCQy9RSphi6z/[22m[2massets/[22m[36mindex-CnoIInH0.js                    [39m[1m[2m  0.42 kB[22m[1m[22m[2m │ gzip:   0.28 kB[22m
[2m../../../../var/folders/q_/128vnbqd39n3zxz6z689kw1w0000gn/T/chromatic--3306-hCQy9RSphi6z/[22m[2massets/[22m[36mpreview-BhhEZcNS.js                  [39m[1m[2m  0.64 kB[22m[1m[22m[2m │ gzip:   0.45 kB[22m
[2m../../../../var/folders/q_/128vnbqd39n3zxz6z689kw1w0000gn/T/chromatic--3306-hCQy9RSphi6z/[22m[2massets/[22m[36mpreview-DGUiP6tS.js                  [39m[1m[2m  0.71 kB[22m[1m[22m[2m │ gzip:   0.49 kB[22m
[2m../../../../var/folders/q_/128vnbqd39n3zxz6z689kw1w0000gn/T/chromatic--3306-hCQy9RSphi6z/[22m[2massets/[22m[36mchunk-XP5HYGXS-BGCqD1aY.js           [39m[1m[2m  0.72 kB[22m[1m[22m[2m │ gzip:   0.41 kB[22m
[2m../../../../var/folders/q_/128vnbqd39n3zxz6z689kw1w0000gn/T/chromatic--3306-hCQy9RSphi6z/[22m[2massets/[22m[36mindex-DrFu-skq.js                    [39m[1m[2m  0.77 kB[22m[1m[22m[2m │ gzip:   0.47 kB[22m
[2m../../../../var/folders/q_/128vnbqd39n3zxz6z689kw1w0000gn/T/chromatic--3306-hCQy9RSphi6z/[22m[2massets/[22m[36mreact-18-DsgI_arW.js                 [39m[1m[2m  0.80 kB[22m[1m[22m[2m │ gzip:   0.47 kB[22m
[2m../../../../var/folders/q_/128vnbqd39n3zxz6z689kw1w0000gn/T/chromatic--3306-hCQy9RSphi6z/[22m[2massets/[22m[36mpreview-BBUN3LkQ.js                  [39m[1m[2m  0.81 kB[22m[1m[22m[2m │ gzip:   0.51 kB[22m
[2m../../../../var/folders/q_/128vnbqd39n3zxz6z689kw1w0000gn/T/chromatic--3306-hCQy9RSphi6z/[22m[2massets/[22m[36museLocalStorage.stories-BMmGM8IA.js  [39m[1m[2m  1.68 kB[22m[1m[22m[2m │ gzip:   0.90 kB[22m
[2m../../../../var/folders/q_/128vnbqd39n3zxz6z689kw1w0000gn/T/chromatic--3306-hCQy9RSphi6z/[22m[2massets/[22m[36mindex-BD0wbiuy.js                    [39m[1m[2m  1.73 kB[22m[1m[22m[2m │ gzip:   0.87 kB[22m
[2m../../../../var/folders/q_/128vnbqd39n3zxz6z689kw1w0000gn/T/chromatic--3306-hCQy9RSphi6z/[22m[2massets/[22m[36mDocsRenderer-CFRXHY34-DC9AX7pH.js    [39m[1m[2m  1.95 kB[22m[1m[22m[2m │ gzip:   0.99 kB[22m
[2m../../../../var/folders/q_/128vnbqd39n3zxz6z689kw1w0000gn/T/chromatic--3306-hCQy9RSphi6z/[22m[2massets/[22m[36mDocs-CVFdeHFA.js                     [39m[1m[2m  2.17 kB[22m[1m[22m[2m │ gzip:   1.04 kB[22m
[2m../../../../var/folders/q_/128vnbqd39n3zxz6z689kw1w0000gn/T/chromatic--3306-hCQy9RSphi6z/[22m[2massets/[22m[36mDocs-C7qXXTVp.js                     [39m[1m[2m  2.35 kB[22m[1m[22m[2m │ gzip:   1.23 kB[22m
[2m../../../../var/folders/q_/128vnbqd39n3zxz6z689kw1w0000gn/T/chromatic--3306-hCQy9RSphi6z/[22m[2massets/[22m[36mindex-D-8MO0q_.js                    [39m[1m[2m  2.58 kB[22m[1m[22m[2m │ gzip:   1.26 kB[22m
[2m../../../../var/folders/q_/128vnbqd39n3zxz6z689kw1w0000gn/T/chromatic--3306-hCQy9RSphi6z/[22m[2massets/[22m[36mpreview-aVwhiz9X.js                  [39m[1m[2m  3.50 kB[22m[1m[22m[2m │ gzip:   1.69 kB[22m
[2m../../../../var/folders/q_/128vnbqd39n3zxz6z689kw1w0000gn/T/chromatic--3306-hCQy9RSphi6z/[22m[2massets/[22m[36museInView.stories-BbsLSfTu.js        [39m[1m[2m  4.03 kB[22m[1m[22m[2m │ gzip:   0.87 kB[22m
[2m../../../../var/folders/q_/128vnbqd39n3zxz6z689kw1w0000gn/T/chromatic--3306-hCQy9RSphi6z/[22m[2massets/[22m[36miframe-C6f43neJ.js                   [39m[1m[2m  4.49 kB[22m[1m[22m[2m │ gzip:   1.83 kB[22m
[2m../../../../var/folders/q_/128vnbqd39n3zxz6z689kw1w0000gn/T/chromatic--3306-hCQy9RSphi6z/[22m[2massets/[22m[36mpreview-D77C14du.js                  [39m[1m[2m  5.03 kB[22m[1m[22m[2m │ gzip:   1.86 kB[22m
[2m../../../../var/folders/q_/128vnbqd39n3zxz6z689kw1w0000gn/T/chromatic--3306-hCQy9RSphi6z/[22m[2massets/[22m[36mindex-BYb6XiQz.js                    [39m[1m[2m  6.93 kB[22m[1m[22m[2m │ gzip:   2.78 kB[22m
[2m../../../../var/folders/q_/128vnbqd39n3zxz6z689kw1w0000gn/T/chromatic--3306-hCQy9RSphi6z/[22m[2massets/[22m[36mpreview-BWzBA1C2.js                  [39m[1m[2m  7.62 kB[22m[1m[22m[2m │ gzip:   1.57 kB[22m
[2m../../../../var/folders/q_/128vnbqd39n3zxz6z689kw1w0000gn/T/chromatic--3306-hCQy9RSphi6z/[22m[2massets/[22m[36mpreview-CFgKly6U.js                  [39m[1m[2m  8.12 kB[22m[1m[22m[2m │ gzip:   3.08 kB[22m
[2m../../../../var/folders/q_/128vnbqd39n3zxz6z689kw1w0000gn/T/chromatic--3306-hCQy9RSphi6z/[22m[2massets/[22m[36mColor-F6OSRLHC-B8Py-fnW.js           [39m[1m[2m 29.32 kB[22m[1m[22m[2m │ gzip:  10.90 kB[22m
[2m../../../../var/folders/q_/128vnbqd39n3zxz6z689kw1w0000gn/T/chromatic--3306-hCQy9RSphi6z/[22m[2massets/[22m[36mentry-preview-D-XYTOUj.js            [39m[1m[2m 40.93 kB[22m[1m[22m[2m │ gzip:  13.65 kB[22m
[2m../../../../var/folders/q_/128vnbqd39n3zxz6z689kw1w0000gn/T/chromatic--3306-hCQy9RSphi6z/[22m[2massets/[22m[36mindex-CHGET4sZ.js                    [39m[1m[2m 53.74 kB[22m[1m[22m[2m │ gzip:  15.50 kB[22m
[2m../../../../var/folders/q_/128vnbqd39n3zxz6z689kw1w0000gn/T/chromatic--3306-hCQy9RSphi6z/[22m[2massets/[22m[36mindex-JWiP3xCa.js                    [39m[1m[2m134.23 kB[22m[1m[22m[2m │ gzip:  43.22 kB[22m
[2m../../../../var/folders/q_/128vnbqd39n3zxz6z689kw1w0000gn/T/chromatic--3306-hCQy9RSphi6z/[22m[2massets/[22m[36mentry-preview-docs-lN9zfcPx.js       [39m[1m[2m256.58 kB[22m[1m[22m[2m │ gzip:  76.46 kB[22m
[2m../../../../var/folders/q_/128vnbqd39n3zxz6z689kw1w0000gn/T/chromatic--3306-hCQy9RSphi6z/[22m[2massets/[22m[36mpreview-IWz6v7r5.js                  [39m[1m[33m545.45 kB[39m[22m[2m │ gzip: 144.23 kB[22m
[2m../../../../var/folders/q_/128vnbqd39n3zxz6z689kw1w0000gn/T/chromatic--3306-hCQy9RSphi6z/[22m[2massets/[22m[36mindex-BIDUvZOM.js                    [39m[1m[33m886.90 kB[39m[22m[2m │ gzip: 276.02 kB[22m
[32m✓ built in 1.58s[39m
info => Preview built ([38;2;181;126;229m1.85 s[39m)
info => Output directory: /var/folders/q_/128vnbqd39n3zxz6z689kw1w0000gn/T/chromatic--3306-hCQy9RSphi6z
